Change Component Footprint: Designator=U1 Old Footprint=STM-LQFP48_N New Footprint=LQFP48 7X7_M
Change component parameters: Designator = "C15"; Footprint = "C 0603"; UniqueID = "\MXMTWRIX"
Change component parameters. Clean all parameters for all variants
Change component parameters (AddParameter): Name = "BOM名称"; Value = "无极性贴片电容"; VariantName = "[No Variations]"
Change component parameters (AddParameter): Name = "学习资源"; Value = "https://lmdzstyle.taobao.com/"; VariantName = "[No Variations]"
Change component parameters (AddParameter): Name = "版权归属"; Value = "黎明电子style"; VariantName = "[No Variations]"
Change component parameters: Designator = "C16"; Footprint = "C 0603"; UniqueID = "\APJNNJFA"
Change component parameters. Clean all parameters for all variants
Change component parameters (AddParameter): Name = "BOM名称"; Value = "无极性贴片电容"; VariantName = "[No Variations]"
Change component parameters (AddParameter): Name = "学习资源"; Value = "https://lmdzstyle.taobao.com/"; VariantName = "[No Variations]"
Change component parameters (AddParameter): Name = "版权归属"; Value = "黎明电子style"; VariantName = "[No Variations]"
Change component parameters: Designator = "C17"; Footprint = "C 0603"; UniqueID = "\COANWPTP"
Change component parameters. Clean all parameters for all variants
Change component parameters (AddParameter): Name = "BOM名称"; Value = "无极性贴片电容"; VariantName = "[No Variations]"
Change component parameters (AddParameter): Name = "学习资源"; Value = "https://lmdzstyle.taobao.com/"; VariantName = "[No Variations]"
Change component parameters (AddParameter): Name = "版权归属"; Value = "黎明电子style"; VariantName = "[No Variations]"
Change component parameters: Designator = "E1"; Footprint = "CM D(6.3*5.4)"; UniqueID = "\IDBXKPGD"
Change component parameters. Clean all parameters for all variants
Change component parameters (AddParameter): Name = "BOM名称"; Value = "贴片电解电容"; VariantName = "[No Variations]"
Change component parameters (AddParameter): Name = "学习资源"; Value = "https://lmdzstyle.taobao.com/"; VariantName = "[No Variations]"
Change component parameters (AddParameter): Name = "版权归属"; Value = "黎明电子style"; VariantName = "[No Variations]"
Change component parameters: Designator = "E2"; Footprint = "CM D(6.3*5.4)"; UniqueID = "\EFYAOCIY"
Change component parameters. Clean all parameters for all variants
Change component parameters (AddParameter): Name = "BOM名称"; Value = "贴片电解电容"; VariantName = "[No Variations]"
Change component parameters (AddParameter): Name = "学习资源"; Value = "https://lmdzstyle.taobao.com/"; VariantName = "[No Variations]"
Change component parameters (AddParameter): Name = "版权归属"; Value = "黎明电子style"; VariantName = "[No Variations]"
Change component parameters: Designator = "E3"; Footprint = "CM D(6.3*5.4)"; UniqueID = "\QBNLPKOX"
Change component parameters. Clean all parameters for all variants
Change component parameters (AddParameter): Name = "BOM名称"; Value = "贴片电解电容"; VariantName = "[No Variations]"
Change component parameters (AddParameter): Name = "学习资源"; Value = "https://lmdzstyle.taobao.com/"; VariantName = "[No Variations]"
Change component parameters (AddParameter): Name = "版权归属"; Value = "黎明电子style"; VariantName = "[No Variations]"
Change component parameters: Designator = "E4"; Footprint = "CM D(6.3*5.4)"; UniqueID = "\VJOLGJMC"
Change component parameters. Clean all parameters for all variants
Change component parameters (AddParameter): Name = "BOM名称"; Value = "贴片电解电容"; VariantName = "[No Variations]"
Change component parameters (AddParameter): Name = "学习资源"; Value = "https://lmdzstyle.taobao.com/"; VariantName = "[No Variations]"
Change component parameters (AddParameter): Name = "版权归属"; Value = "黎明电子style"; VariantName = "[No Variations]"
Change component parameters: Designator = "L1"; Footprint = "L 0603"; UniqueID = "\YCHYCBEC"
Change component parameters. Clean all parameters for all variants
Change component parameters (AddParameter): Name = "BOM名称"; Value = "小功率贴片电感"; VariantName = "[No Variations]"
Change component parameters (AddParameter): Name = "学习资源"; Value = "https://lmdzstyle.taobao.com/"; VariantName = "[No Variations]"
Change component parameters (AddParameter): Name = "版权归属"; Value = "黎明电子style"; VariantName = "[No Variations]"
