Added Component: Designator=C1(CAP_0603)
Add component. Clean all parameters for all variants
Add component (AddParameter): Name = "Manufacturer"; Value = ""; VariantName = "[No Variations]"
Add component (AddParameter): Name = "Specification"; Value = "X7R 50V"; VariantName = "[No Variations]"
Add component (AddParameter): Name = "Type"; Value = "0603"; VariantName = "[No Variations]"
Add component (AddParameter): Name = "Value"; Value = "0.1uF"; VariantName = "[No Variations]"
Added Component: Designator=C2(CAP_0603)
Add component. Clean all parameters for all variants
Add component (AddParameter): Name = "Manufacturer"; Value = ""; VariantName = "[No Variations]"
Add component (AddParameter): Name = "Specification"; Value = "X7R 50V"; VariantName = "[No Variations]"
Add component (AddParameter): Name = "Type"; Value = "0603"; VariantName = "[No Variations]"
Add component (AddParameter): Name = "Value"; Value = "0.1uF"; VariantName = "[No Variations]"
Added Component: Designator=C3(CAP_0603)
Add component. Clean all parameters for all variants
Add component (AddParameter): Name = "Manufacturer"; Value = ""; VariantName = "[No Variations]"
Add component (AddParameter): Name = "Specification"; Value = "X7R 50V"; VariantName = "[No Variations]"
Add component (AddParameter): Name = "Type"; Value = "0603"; VariantName = "[No Variations]"
Add component (AddParameter): Name = "Value"; Value = "0.1uF"; VariantName = "[No Variations]"
Added Component: Designator=C4(CAP_0603)
Add component. Clean all parameters for all variants
Add component (AddParameter): Name = "Manufacturer"; Value = ""; VariantName = "[No Variations]"
Add component (AddParameter): Name = "Specification"; Value = "X7R 50V"; VariantName = "[No Variations]"
Add component (AddParameter): Name = "Type"; Value = "0603"; VariantName = "[No Variations]"
Add component (AddParameter): Name = "Value"; Value = "0.1uF"; VariantName = "[No Variations]"
Added Component: Designator=C5(CAP_0603)
Add component. Clean all parameters for all variants
Add component (AddParameter): Name = "Manufacturer"; Value = ""; VariantName = "[No Variations]"
Add component (AddParameter): Name = "Specification"; Value = "X7R 50V"; VariantName = "[No Variations]"
Add component (AddParameter): Name = "Type"; Value = "0603"; VariantName = "[No Variations]"
Add component (AddParameter): Name = "Value"; Value = "1uF"; VariantName = "[No Variations]"
Added Component: Designator=C6(CAP_0603)
Add component. Clean all parameters for all variants
Add component (AddParameter): Name = "Manufacturer"; Value = ""; VariantName = "[No Variations]"
Add component (AddParameter): Name = "Specification"; Value = "X7R 50V"; VariantName = "[No Variations]"
Add component (AddParameter): Name = "Type"; Value = "0603"; VariantName = "[No Variations]"
Add component (AddParameter): Name = "Value"; Value = "0.1uF"; VariantName = "[No Variations]"
Added Component: Designator=C7(CAP_0603)
Add component. Clean all parameters for all variants
Add component (AddParameter): Name = "Manufacturer"; Value = ""; VariantName = "[No Variations]"
Add component (AddParameter): Name = "Specification"; Value = "X7R 50V"; VariantName = "[No Variations]"
Add component (AddParameter): Name = "Type"; Value = "0603"; VariantName = "[No Variations]"
Add component (AddParameter): Name = "Value"; Value = "0.1uF"; VariantName = "[No Variations]"
Added Component: Designator=C8(CAP_0603)
Add component. Clean all parameters for all variants
Add component (AddParameter): Name = "Manufacturer"; Value = ""; VariantName = "[No Variations]"
Add component (AddParameter): Name = "Specification"; Value = "X7R 50V"; VariantName = "[No Variations]"
Add component (AddParameter): Name = "Type"; Value = "0603"; VariantName = "[No Variations]"
Add component (AddParameter): Name = "Value"; Value = "470nF"; VariantName = "[No Variations]"
Added Component: Designator=C9(CAP_0603)
Add component. Clean all parameters for all variants
Add component (AddParameter): Name = "Manufacturer"; Value = ""; VariantName = "[No Variations]"
Add component (AddParameter): Name = "Specification"; Value = "X7R 50V"; VariantName = "[No Variations]"
Add component (AddParameter): Name = "Type"; Value = "0603"; VariantName = "[No Variations]"
Add component (AddParameter): Name = "Value"; Value = "1uF"; VariantName = "[No Variations]"
Added Component: Designator=C10(CAP_0603)
Add component. Clean all parameters for all variants
Add component (AddParameter): Name = "Manufacturer"; Value = ""; VariantName = "[No Variations]"
Add component (AddParameter): Name = "Specification"; Value = "X7R 50V"; VariantName = "[No Variations]"
Add component (AddParameter): Name = "Type"; Value = "0603"; VariantName = "[No Variations]"
Add component (AddParameter): Name = "Value"; Value = "0.1uF"; VariantName = "[No Variations]"
Added Component: Designator=C11(CAP_0603)
Add component. Clean all parameters for all variants
Add component (AddParameter): Name = "Manufacturer"; Value = ""; VariantName = "[No Variations]"
Add component (AddParameter): Name = "Specification"; Value = "X7R 50V"; VariantName = "[No Variations]"
Add component (AddParameter): Name = "Type"; Value = "0603"; VariantName = "[No Variations]"
Add component (AddParameter): Name = "Value"; Value = "0.1uF"; VariantName = "[No Variations]"
Added Component: Designator=C12(CAP_0603)
Add component. Clean all parameters for all variants
Add component (AddParameter): Name = "Manufacturer"; Value = ""; VariantName = "[No Variations]"
Add component (AddParameter): Name = "Specification"; Value = "X7R 50V"; VariantName = "[No Variations]"
Add component (AddParameter): Name = "Type"; Value = "0603"; VariantName = "[No Variations]"
Add component (AddParameter): Name = "Value"; Value = "0.1uF"; VariantName = "[No Variations]"
Added Component: Designator=C13(CAP_TAN_B1210)
Add component. Clean all parameters for all variants
Add component (AddParameter): Name = "Manufacturer"; Value = ""; VariantName = "[No Variations]"
Add component (AddParameter): Name = "Specification"; Value = "X5R 10V"; VariantName = "[No Variations]"
Add component (AddParameter): Name = "Type"; Value = "1210"; VariantName = "[No Variations]"
Add component (AddParameter): Name = "Value"; Value = "?F"; VariantName = "[No Variations]"
Added Component: Designator=C14(CAP_0603)
Add component. Clean all parameters for all variants
Add component (AddParameter): Name = "Manufacturer"; Value = ""; VariantName = "[No Variations]"
Add component (AddParameter): Name = "Specification"; Value = "X7R 50V"; VariantName = "[No Variations]"
Add component (AddParameter): Name = "Type"; Value = "0603"; VariantName = "[No Variations]"
Add component (AddParameter): Name = "Value"; Value = "470nF"; VariantName = "[No Variations]"
Added Component: Designator=C15(C 0603)
Add component. Clean all parameters for all variants
Add component (AddParameter): Name = "BOM名称"; Value = "无极性贴片电容"; VariantName = "[No Variations]"
Add component (AddParameter): Name = "学习资源"; Value = "https://lmdzstyle.taobao.com/"; VariantName = "[No Variations]"
Add component (AddParameter): Name = "版权归属"; Value = "黎明电子style"; VariantName = "[No Variations]"
Added Component: Designator=C16(C 0603)
Add component. Clean all parameters for all variants
Add component (AddParameter): Name = "BOM名称"; Value = "无极性贴片电容"; VariantName = "[No Variations]"
Add component (AddParameter): Name = "学习资源"; Value = "https://lmdzstyle.taobao.com/"; VariantName = "[No Variations]"
Add component (AddParameter): Name = "版权归属"; Value = "黎明电子style"; VariantName = "[No Variations]"
Added Component: Designator=C17(C 0603)
Add component. Clean all parameters for all variants
Add component (AddParameter): Name = "BOM名称"; Value = "无极性贴片电容"; VariantName = "[No Variations]"
Add component (AddParameter): Name = "学习资源"; Value = "https://lmdzstyle.taobao.com/"; VariantName = "[No Variations]"
Add component (AddParameter): Name = "版权归属"; Value = "黎明电子style"; VariantName = "[No Variations]"
Added Component: Designator=C18(CAP_0603)
Add component. Clean all parameters for all variants
Add component (AddParameter): Name = "Manufacturer"; Value = ""; VariantName = "[No Variations]"
Add component (AddParameter): Name = "Specification"; Value = "X7R 50V"; VariantName = "[No Variations]"
Add component (AddParameter): Name = "Type"; Value = "0603"; VariantName = "[No Variations]"
Add component (AddParameter): Name = "Value"; Value = "1uF"; VariantName = "[No Variations]"
Added Component: Designator=C19(CAP_0603)
Add component. Clean all parameters for all variants
Add component (AddParameter): Name = "Manufacturer"; Value = ""; VariantName = "[No Variations]"
Add component (AddParameter): Name = "Specification"; Value = "X7R 50V"; VariantName = "[No Variations]"
Add component (AddParameter): Name = "Type"; Value = "0603"; VariantName = "[No Variations]"
Add component (AddParameter): Name = "Value"; Value = "1uF"; VariantName = "[No Variations]"
Added Component: Designator=C20(CAP_0603)
Add component. Clean all parameters for all variants
Add component (AddParameter): Name = "Manufacturer"; Value = ""; VariantName = "[No Variations]"
Add component (AddParameter): Name = "Specification"; Value = "X7R 50V"; VariantName = "[No Variations]"
Add component (AddParameter): Name = "Type"; Value = "0603"; VariantName = "[No Variations]"
Add component (AddParameter): Name = "Value"; Value = "1uF"; VariantName = "[No Variations]"
Added Component: Designator=C21(CAP_0603)
Add component. Clean all parameters for all variants
Add component (AddParameter): Name = "Manufacturer"; Value = ""; VariantName = "[No Variations]"
Add component (AddParameter): Name = "Specification"; Value = "X7R 50V"; VariantName = "[No Variations]"
Add component (AddParameter): Name = "Type"; Value = "0603"; VariantName = "[No Variations]"
Add component (AddParameter): Name = "Value"; Value = "1uF"; VariantName = "[No Variations]"
Added Component: Designator=CON1(DC-005)
Add component. Clean all parameters for all variants
Add component (AddParameter): Name = "BOM名称"; Value = "DC电源接口"; VariantName = "[No Variations]"
Add component (AddParameter): Name = "学习资源"; Value = "https://lmdzstyle.taobao.com/"; VariantName = "[No Variations]"
Add component (AddParameter): Name = "版权归属"; Value = "黎明电子style"; VariantName = "[No Variations]"
Added Component: Designator=D1(DIL_2S)
Add component. Clean all parameters for all variants
Add component (AddParameter): Name = ""; Value = "http://www.chila.ir"; VariantName = "[No Variations]"
Add component (AddParameter): Name = "MANF"; Value = "OSRAM, VISHAY"; VariantName = "[No Variations]"
Add component (AddParameter): Name = "MANF_P#"; Value = "BPW34BS, BPW34S"; VariantName = "[No Variations]"
Add component (AddParameter): Name = "PARAM"; Value = "2nA, 32Vr, 20ns"; VariantName = "[No Variations]"
Add component (AddParameter): Name = "PARAM2"; Value = "60deg, 850nm"; VariantName = "[No Variations]"
Add component (AddParameter): Name = "PRICE"; Value = "$1"; VariantName = "[No Variations]"
Add component (AddParameter): Name = "Value"; Value = "BPW34"; VariantName = "[No Variations]"
Added Component: Designator=D2(DIL_2S)
Add component. Clean all parameters for all variants
Add component (AddParameter): Name = ""; Value = "http://www.chila.ir"; VariantName = "[No Variations]"
Add component (AddParameter): Name = "MANF"; Value = "OSRAM, VISHAY"; VariantName = "[No Variations]"
Add component (AddParameter): Name = "MANF_P#"; Value = "BPW34BS, BPW34S"; VariantName = "[No Variations]"
Add component (AddParameter): Name = "PARAM"; Value = "2nA, 32Vr, 20ns"; VariantName = "[No Variations]"
Add component (AddParameter): Name = "PARAM2"; Value = "60deg, 850nm"; VariantName = "[No Variations]"
Add component (AddParameter): Name = "PRICE"; Value = "$1"; VariantName = "[No Variations]"
Add component (AddParameter): Name = "Value"; Value = "BPW34"; VariantName = "[No Variations]"
Added Component: Designator=D3(DIL_2S)
Add component. Clean all parameters for all variants
Add component (AddParameter): Name = ""; Value = "http://www.chila.ir"; VariantName = "[No Variations]"
Add component (AddParameter): Name = "MANF"; Value = "OSRAM, VISHAY"; VariantName = "[No Variations]"
Add component (AddParameter): Name = "MANF_P#"; Value = "BPW34BS, BPW34S"; VariantName = "[No Variations]"
Add component (AddParameter): Name = "PARAM"; Value = "2nA, 32Vr, 20ns"; VariantName = "[No Variations]"
Add component (AddParameter): Name = "PARAM2"; Value = "60deg, 850nm"; VariantName = "[No Variations]"
Add component (AddParameter): Name = "PRICE"; Value = "$1"; VariantName = "[No Variations]"
Add component (AddParameter): Name = "Value"; Value = "BPW34"; VariantName = "[No Variations]"
Added Component: Designator=D4(DIL_2S)
Add component. Clean all parameters for all variants
Add component (AddParameter): Name = ""; Value = "http://www.chila.ir"; VariantName = "[No Variations]"
Add component (AddParameter): Name = "MANF"; Value = "OSRAM, VISHAY"; VariantName = "[No Variations]"
Add component (AddParameter): Name = "MANF_P#"; Value = "BPW34BS, BPW34S"; VariantName = "[No Variations]"
Add component (AddParameter): Name = "PARAM"; Value = "2nA, 32Vr, 20ns"; VariantName = "[No Variations]"
Add component (AddParameter): Name = "PARAM2"; Value = "60deg, 850nm"; VariantName = "[No Variations]"
Add component (AddParameter): Name = "PRICE"; Value = "$1"; VariantName = "[No Variations]"
Add component (AddParameter): Name = "Value"; Value = "BPW34"; VariantName = "[No Variations]"
Added Component: Designator=E1(CM D(6.3*5.4))
Add component. Clean all parameters for all variants
Add component (AddParameter): Name = "BOM名称"; Value = "贴片电解电容"; VariantName = "[No Variations]"
Add component (AddParameter): Name = "学习资源"; Value = "https://lmdzstyle.taobao.com/"; VariantName = "[No Variations]"
Add component (AddParameter): Name = "版权归属"; Value = "黎明电子style"; VariantName = "[No Variations]"
Added Component: Designator=E2(CM D(6.3*5.4))
Add component. Clean all parameters for all variants
Add component (AddParameter): Name = "BOM名称"; Value = "贴片电解电容"; VariantName = "[No Variations]"
Add component (AddParameter): Name = "学习资源"; Value = "https://lmdzstyle.taobao.com/"; VariantName = "[No Variations]"
Add component (AddParameter): Name = "版权归属"; Value = "黎明电子style"; VariantName = "[No Variations]"
Added Component: Designator=E3(CM D(6.3*5.4))
Add component. Clean all parameters for all variants
Add component (AddParameter): Name = "BOM名称"; Value = "贴片电解电容"; VariantName = "[No Variations]"
Add component (AddParameter): Name = "学习资源"; Value = "https://lmdzstyle.taobao.com/"; VariantName = "[No Variations]"
Add component (AddParameter): Name = "版权归属"; Value = "黎明电子style"; VariantName = "[No Variations]"
Added Component: Designator=E4(CM D(6.3*5.4))
Add component. Clean all parameters for all variants
Add component (AddParameter): Name = "BOM名称"; Value = "贴片电解电容"; VariantName = "[No Variations]"
Add component (AddParameter): Name = "学习资源"; Value = "https://lmdzstyle.taobao.com/"; VariantName = "[No Variations]"
Add component (AddParameter): Name = "版权归属"; Value = "黎明电子style"; VariantName = "[No Variations]"
Added Component: Designator=JP1(PH2.0 S-W-8P)
Add component. Clean all parameters for all variants
Add component (AddParameter): Name = "BOM名称"; Value = "8P接插件"; VariantName = "[No Variations]"
Add component (AddParameter): Name = "学习资源"; Value = "https://lmdzstyle.taobao.com/"; VariantName = "[No Variations]"
Add component (AddParameter): Name = "版权归属"; Value = "黎明电子style"; VariantName = "[No Variations]"
Added Component: Designator=JP2(XH2.54-4P)
Add component. Clean all parameters for all variants
Add component (AddParameter): Name = "BOM名称"; Value = "4P接插件"; VariantName = "[No Variations]"
Add component (AddParameter): Name = "学习资源"; Value = "https://lmdzstyle.taobao.com/"; VariantName = "[No Variations]"
Add component (AddParameter): Name = "版权归属"; Value = "黎明电子style"; VariantName = "[No Variations]"
Added Component: Designator=L1(L 0603)
Add component. Clean all parameters for all variants
Add component (AddParameter): Name = "BOM名称"; Value = "小功率贴片电感"; VariantName = "[No Variations]"
Add component (AddParameter): Name = "学习资源"; Value = "https://lmdzstyle.taobao.com/"; VariantName = "[No Variations]"
Add component (AddParameter): Name = "版权归属"; Value = "黎明电子style"; VariantName = "[No Variations]"
Added Component: Designator=LED1(LED-R3-H5-SINGLE-R)
Add component. Clean all parameters for all variants
Add component (AddParameter): Name = "Published"; Value = "8-Jun-2000"; VariantName = "[No Variations]"
Add component (AddParameter): Name = "Publisher"; Value = "Altium Limited"; VariantName = "[No Variations]"
Add component (AddParameter): Name = "Revision"; Value = "July-2002: Re-released for DXP Platform."; VariantName = "[No Variations]"
Added Component: Designator=LED2(LED-R3-H5-SINGLE-R)
Add component. Clean all parameters for all variants
Add component (AddParameter): Name = "Published"; Value = "8-Jun-2000"; VariantName = "[No Variations]"
Add component (AddParameter): Name = "Publisher"; Value = "Altium Limited"; VariantName = "[No Variations]"
Add component (AddParameter): Name = "Revision"; Value = "July-2002: Re-released for DXP Platform."; VariantName = "[No Variations]"
Added Component: Designator=LED3(LED-R3-H5-SINGLE-R)
Add component. Clean all parameters for all variants
Add component (AddParameter): Name = "Published"; Value = "8-Jun-2000"; VariantName = "[No Variations]"
Add component (AddParameter): Name = "Publisher"; Value = "Altium Limited"; VariantName = "[No Variations]"
Add component (AddParameter): Name = "Revision"; Value = "July-2002: Re-released for DXP Platform."; VariantName = "[No Variations]"
Added Component: Designator=LED4(LED-R3-H5-SINGLE-R)
Add component. Clean all parameters for all variants
Add component (AddParameter): Name = "Published"; Value = "8-Jun-2000"; VariantName = "[No Variations]"
Add component (AddParameter): Name = "Publisher"; Value = "Altium Limited"; VariantName = "[No Variations]"
Add component (AddParameter): Name = "Revision"; Value = "July-2002: Re-released for DXP Platform."; VariantName = "[No Variations]"
Added Component: Designator=LED5(LED-R3-H5-SINGLE-R)
Add component. Clean all parameters for all variants
Add component (AddParameter): Name = "Published"; Value = "8-Jun-2000"; VariantName = "[No Variations]"
Add component (AddParameter): Name = "Publisher"; Value = "Altium Limited"; VariantName = "[No Variations]"
Add component (AddParameter): Name = "Revision"; Value = "July-2002: Re-released for DXP Platform."; VariantName = "[No Variations]"
Added Component: Designator=LED6(LED-R3-H5-SINGLE-R)
Add component. Clean all parameters for all variants
Add component (AddParameter): Name = "Published"; Value = "8-Jun-2000"; VariantName = "[No Variations]"
Add component (AddParameter): Name = "Publisher"; Value = "Altium Limited"; VariantName = "[No Variations]"
Add component (AddParameter): Name = "Revision"; Value = "July-2002: Re-released for DXP Platform."; VariantName = "[No Variations]"
Added Component: Designator=Q1(ONSC-SOT-23-3-318-08_V)
Add component. Clean all parameters for all variants
Add component (AddParameter): Name = "ComponentLink1Description"; Value = "Manufacturer URL"; VariantName = "[No Variations]"
Add component (AddParameter): Name = "ComponentLink1URL"; Value = "http://www.onsemi.com/"; VariantName = "[No Variations]"
Add component (AddParameter): Name = "ComponentLink2Description"; Value = "Datasheet"; VariantName = "[No Variations]"
Add component (AddParameter): Name = "ComponentLink2URL"; Value = "http://www.onsemi.cn/pub_link/Collateral/MMBTH10LT1-D.PDF"; VariantName = "[No Variations]"
Add component (AddParameter): Name = "ComponentLink3Description"; Value = "Package Specification"; VariantName = "[No Variations]"
Add component (AddParameter): Name = "ComponentLink3URL"; Value = "http://www.onsemi.cn/pub_link/Collateral/318-08.PDF"; VariantName = "[No Variations]"
Add component (AddParameter): Name = "DatasheetVersion"; Value = "Rev. 5"; VariantName = "[No Variations]"
Add component (AddParameter): Name = "fT Min (MHz)"; Value = "800"; VariantName = "[No Variations]"
Add component (AddParameter): Name = "Manufacturer"; Value = "On Semiconductor"; VariantName = "[No Variations]"
Add component (AddParameter): Name = "Mounting Technology"; Value = "Surface Mount"; VariantName = "[No Variations]"
Add component (AddParameter): Name = "PackageDescription"; Value = "3-Pin Small Outline Transistor, Body 2.92 x 1.3 mm, Pitch 0.95 mm"; VariantName = "[No Variations]"
Add component (AddParameter): Name = "PackageReference"; Value = "SOT-23-3-318-08"; VariantName = "[No Variations]"
Add component (AddParameter): Name = "PackageVersion"; Value = "Rev. AP, 11/2009"; VariantName = "[No Variations]"
Add component (AddParameter): Name = "Packing"; Value = "Tape and Reel"; VariantName = "[No Variations]"
Add component (AddParameter): Name = "PartNumber"; Value = "MMBTH10-4LT1G"; VariantName = "[No Variations]"
Add component (AddParameter): Name = "Polarity"; Value = "NPN"; VariantName = "[No Variations]"
Add component (AddParameter): Name = "RoHS"; Value = "TRUE"; VariantName = "[No Variations]"
Add component (AddParameter): Name = "Supplier 1"; Value = "Digi-Key"; VariantName = "[No Variations]"
Add component (AddParameter): Name = "Supplier 2"; Value = "Digi-Key"; VariantName = "[No Variations]"
Add component (AddParameter): Name = "Supplier 3"; Value = "Digi-Key"; VariantName = "[No Variations]"
Add component (AddParameter): Name = "Supplier 4"; Value = "Newark"; VariantName = "[No Variations]"
Add component (AddParameter): Name = "Supplier 5"; Value = "Mouser"; VariantName = "[No Variations]"
Add component (AddParameter): Name = "Supplier Part Number 1"; Value = "MMBTH10-4LT1GOSTR-ND"; VariantName = "[No Variations]"
Add component (AddParameter): Name = "Supplier Part Number 2"; Value = "MMBTH10-4LT1GOSCT-ND"; VariantName = "[No Variations]"
Add component (AddParameter): Name = "Supplier Part Number 3"; Value = "MMBTH10-4LT1GOSDKR-ND"; VariantName = "[No Variations]"
Add component (AddParameter): Name = "Supplier Part Number 4"; Value = "26K4540"; VariantName = "[No Variations]"
Add component (AddParameter): Name = "Supplier Part Number 5"; Value = "863-MMBTH10-4LT1G"; VariantName = "[No Variations]"
Added Component: Designator=Q2(ONSC-SOT-23-3-318-08_V)
Add component. Clean all parameters for all variants
Add component (AddParameter): Name = "ComponentLink1Description"; Value = "Manufacturer URL"; VariantName = "[No Variations]"
Add component (AddParameter): Name = "ComponentLink1URL"; Value = "http://www.onsemi.com/"; VariantName = "[No Variations]"
Add component (AddParameter): Name = "ComponentLink2Description"; Value = "Datasheet"; VariantName = "[No Variations]"
Add component (AddParameter): Name = "ComponentLink2URL"; Value = "http://www.onsemi.cn/pub_link/Collateral/MMBTH10LT1-D.PDF"; VariantName = "[No Variations]"
Add component (AddParameter): Name = "ComponentLink3Description"; Value = "Package Specification"; VariantName = "[No Variations]"
Add component (AddParameter): Name = "ComponentLink3URL"; Value = "http://www.onsemi.cn/pub_link/Collateral/318-08.PDF"; VariantName = "[No Variations]"
Add component (AddParameter): Name = "DatasheetVersion"; Value = "Rev. 5"; VariantName = "[No Variations]"
Add component (AddParameter): Name = "fT Min (MHz)"; Value = "800"; VariantName = "[No Variations]"
Add component (AddParameter): Name = "Manufacturer"; Value = "On Semiconductor"; VariantName = "[No Variations]"
Add component (AddParameter): Name = "Mounting Technology"; Value = "Surface Mount"; VariantName = "[No Variations]"
Add component (AddParameter): Name = "PackageDescription"; Value = "3-Pin Small Outline Transistor, Body 2.92 x 1.3 mm, Pitch 0.95 mm"; VariantName = "[No Variations]"
Add component (AddParameter): Name = "PackageReference"; Value = "SOT-23-3-318-08"; VariantName = "[No Variations]"
Add component (AddParameter): Name = "PackageVersion"; Value = "Rev. AP, 11/2009"; VariantName = "[No Variations]"
Add component (AddParameter): Name = "Packing"; Value = "Tape and Reel"; VariantName = "[No Variations]"
Add component (AddParameter): Name = "PartNumber"; Value = "MMBTH10-4LT1G"; VariantName = "[No Variations]"
Add component (AddParameter): Name = "Polarity"; Value = "NPN"; VariantName = "[No Variations]"
Add component (AddParameter): Name = "RoHS"; Value = "TRUE"; VariantName = "[No Variations]"
Add component (AddParameter): Name = "Supplier 1"; Value = "Digi-Key"; VariantName = "[No Variations]"
Add component (AddParameter): Name = "Supplier 2"; Value = "Digi-Key"; VariantName = "[No Variations]"
Add component (AddParameter): Name = "Supplier 3"; Value = "Digi-Key"; VariantName = "[No Variations]"
Add component (AddParameter): Name = "Supplier 4"; Value = "Newark"; VariantName = "[No Variations]"
Add component (AddParameter): Name = "Supplier 5"; Value = "Mouser"; VariantName = "[No Variations]"
Add component (AddParameter): Name = "Supplier Part Number 1"; Value = "MMBTH10-4LT1GOSTR-ND"; VariantName = "[No Variations]"
Add component (AddParameter): Name = "Supplier Part Number 2"; Value = "MMBTH10-4LT1GOSCT-ND"; VariantName = "[No Variations]"
Add component (AddParameter): Name = "Supplier Part Number 3"; Value = "MMBTH10-4LT1GOSDKR-ND"; VariantName = "[No Variations]"
Add component (AddParameter): Name = "Supplier Part Number 4"; Value = "26K4540"; VariantName = "[No Variations]"
Add component (AddParameter): Name = "Supplier Part Number 5"; Value = "863-MMBTH10-4LT1G"; VariantName = "[No Variations]"
Added Component: Designator=Q3(ONSC-SOT-23-3-318-08_V)
Add component. Clean all parameters for all variants
Add component (AddParameter): Name = "ComponentLink1Description"; Value = "Manufacturer URL"; VariantName = "[No Variations]"
Add component (AddParameter): Name = "ComponentLink1URL"; Value = "http://www.onsemi.com/"; VariantName = "[No Variations]"
Add component (AddParameter): Name = "ComponentLink2Description"; Value = "Datasheet"; VariantName = "[No Variations]"
Add component (AddParameter): Name = "ComponentLink2URL"; Value = "http://www.onsemi.cn/pub_link/Collateral/MMBTH10LT1-D.PDF"; VariantName = "[No Variations]"
Add component (AddParameter): Name = "ComponentLink3Description"; Value = "Package Specification"; VariantName = "[No Variations]"
Add component (AddParameter): Name = "ComponentLink3URL"; Value = "http://www.onsemi.cn/pub_link/Collateral/318-08.PDF"; VariantName = "[No Variations]"
Add component (AddParameter): Name = "DatasheetVersion"; Value = "Rev. 5"; VariantName = "[No Variations]"
Add component (AddParameter): Name = "fT Min (MHz)"; Value = "800"; VariantName = "[No Variations]"
Add component (AddParameter): Name = "Manufacturer"; Value = "On Semiconductor"; VariantName = "[No Variations]"
Add component (AddParameter): Name = "Mounting Technology"; Value = "Surface Mount"; VariantName = "[No Variations]"
Add component (AddParameter): Name = "PackageDescription"; Value = "3-Pin Small Outline Transistor, Body 2.92 x 1.3 mm, Pitch 0.95 mm"; VariantName = "[No Variations]"
Add component (AddParameter): Name = "PackageReference"; Value = "SOT-23-3-318-08"; VariantName = "[No Variations]"
Add component (AddParameter): Name = "PackageVersion"; Value = "Rev. AP, 11/2009"; VariantName = "[No Variations]"
Add component (AddParameter): Name = "Packing"; Value = "Tape and Reel"; VariantName = "[No Variations]"
Add component (AddParameter): Name = "PartNumber"; Value = "MMBTH10-4LT1G"; VariantName = "[No Variations]"
Add component (AddParameter): Name = "Polarity"; Value = "NPN"; VariantName = "[No Variations]"
Add component (AddParameter): Name = "RoHS"; Value = "TRUE"; VariantName = "[No Variations]"
Add component (AddParameter): Name = "Supplier 1"; Value = "Digi-Key"; VariantName = "[No Variations]"
Add component (AddParameter): Name = "Supplier 2"; Value = "Digi-Key"; VariantName = "[No Variations]"
Add component (AddParameter): Name = "Supplier 3"; Value = "Digi-Key"; VariantName = "[No Variations]"
Add component (AddParameter): Name = "Supplier 4"; Value = "Newark"; VariantName = "[No Variations]"
Add component (AddParameter): Name = "Supplier 5"; Value = "Mouser"; VariantName = "[No Variations]"
Add component (AddParameter): Name = "Supplier Part Number 1"; Value = "MMBTH10-4LT1GOSTR-ND"; VariantName = "[No Variations]"
Add component (AddParameter): Name = "Supplier Part Number 2"; Value = "MMBTH10-4LT1GOSCT-ND"; VariantName = "[No Variations]"
Add component (AddParameter): Name = "Supplier Part Number 3"; Value = "MMBTH10-4LT1GOSDKR-ND"; VariantName = "[No Variations]"
Add component (AddParameter): Name = "Supplier Part Number 4"; Value = "26K4540"; VariantName = "[No Variations]"
Add component (AddParameter): Name = "Supplier Part Number 5"; Value = "863-MMBTH10-4LT1G"; VariantName = "[No Variations]"
Added Component: Designator=Q4(TCS34725)
Add component. Clean all parameters for all variants
Added Component: Designator=Q5(SOP-8)
Add component. Clean all parameters for all variants
Added Component: Designator=Q6(SOP-8)
Add component. Clean all parameters for all variants
Added Component: Designator=Q7(TCS34725)
Add component. Clean all parameters for all variants
Added Component: Designator=R1(RES_0603)
Add component. Clean all parameters for all variants
Add component (AddParameter): Name = "Manufacturer"; Value = ""; VariantName = "[No Variations]"
Add component (AddParameter): Name = "Specification"; Value = "±5%"; VariantName = "[No Variations]"
Add component (AddParameter): Name = "Type"; Value = "0603"; VariantName = "[No Variations]"
Add component (AddParameter): Name = "Value"; Value = "100"; VariantName = "[No Variations]"
Added Component: Designator=R2(RES_0603)
Add component. Clean all parameters for all variants
Add component (AddParameter): Name = "Manufacturer"; Value = ""; VariantName = "[No Variations]"
Add component (AddParameter): Name = "Specification"; Value = "±5%"; VariantName = "[No Variations]"
Add component (AddParameter): Name = "Type"; Value = "0603"; VariantName = "[No Variations]"
Add component (AddParameter): Name = "Value"; Value = "100"; VariantName = "[No Variations]"
Added Component: Designator=R3(RES_0603)
Add component. Clean all parameters for all variants
Add component (AddParameter): Name = "Manufacturer"; Value = ""; VariantName = "[No Variations]"
Add component (AddParameter): Name = "Specification"; Value = "±5%"; VariantName = "[No Variations]"
Add component (AddParameter): Name = "Type"; Value = "0603"; VariantName = "[No Variations]"
Add component (AddParameter): Name = "Value"; Value = "100"; VariantName = "[No Variations]"
Added Component: Designator=R4(RES_0603)
Add component. Clean all parameters for all variants
Add component (AddParameter): Name = "Manufacturer"; Value = ""; VariantName = "[No Variations]"
Add component (AddParameter): Name = "Specification"; Value = "±5%"; VariantName = "[No Variations]"
Add component (AddParameter): Name = "Type"; Value = "0603"; VariantName = "[No Variations]"
Add component (AddParameter): Name = "Value"; Value = "100"; VariantName = "[No Variations]"
Added Component: Designator=R5(RES_0603)
Add component. Clean all parameters for all variants
Add component (AddParameter): Name = "Manufacturer"; Value = ""; VariantName = "[No Variations]"
Add component (AddParameter): Name = "Specification"; Value = "±5%"; VariantName = "[No Variations]"
Add component (AddParameter): Name = "Type"; Value = "0603"; VariantName = "[No Variations]"
Add component (AddParameter): Name = "Value"; Value = "100"; VariantName = "[No Variations]"
Added Component: Designator=R6(RES_0603)
Add component. Clean all parameters for all variants
Add component (AddParameter): Name = "Manufacturer"; Value = ""; VariantName = "[No Variations]"
Add component (AddParameter): Name = "Specification"; Value = "±5%"; VariantName = "[No Variations]"
Add component (AddParameter): Name = "Type"; Value = "0603"; VariantName = "[No Variations]"
Add component (AddParameter): Name = "Value"; Value = "100"; VariantName = "[No Variations]"
Added Component: Designator=R7(RES_0603)
Add component. Clean all parameters for all variants
Add component (AddParameter): Name = "Manufacturer"; Value = ""; VariantName = "[No Variations]"
Add component (AddParameter): Name = "Specification"; Value = "±5%"; VariantName = "[No Variations]"
Add component (AddParameter): Name = "Type"; Value = "0603"; VariantName = "[No Variations]"
Add component (AddParameter): Name = "Value"; Value = "560"; VariantName = "[No Variations]"
Added Component: Designator=R8(RES_0603)
Add component. Clean all parameters for all variants
Add component (AddParameter): Name = "Manufacturer"; Value = ""; VariantName = "[No Variations]"
Add component (AddParameter): Name = "Specification"; Value = "±5%"; VariantName = "[No Variations]"
Add component (AddParameter): Name = "Type"; Value = "0603"; VariantName = "[No Variations]"
Add component (AddParameter): Name = "Value"; Value = "560"; VariantName = "[No Variations]"
Added Component: Designator=R9(RES_0603)
Add component. Clean all parameters for all variants
Add component (AddParameter): Name = "Manufacturer"; Value = ""; VariantName = "[No Variations]"
Add component (AddParameter): Name = "Specification"; Value = "±5%"; VariantName = "[No Variations]"
Add component (AddParameter): Name = "Type"; Value = "0603"; VariantName = "[No Variations]"
Add component (AddParameter): Name = "Value"; Value = "560"; VariantName = "[No Variations]"
Added Component: Designator=R10(RES_0603)
Add component. Clean all parameters for all variants
Add component (AddParameter): Name = "Manufacturer"; Value = ""; VariantName = "[No Variations]"
Add component (AddParameter): Name = "Specification"; Value = "±5%"; VariantName = "[No Variations]"
Add component (AddParameter): Name = "Type"; Value = "0603"; VariantName = "[No Variations]"
Add component (AddParameter): Name = "Value"; Value = "10K"; VariantName = "[No Variations]"
Added Component: Designator=R11(RES_0603)
Add component. Clean all parameters for all variants
Add component (AddParameter): Name = "Manufacturer"; Value = ""; VariantName = "[No Variations]"
Add component (AddParameter): Name = "Specification"; Value = "±5%"; VariantName = "[No Variations]"
Add component (AddParameter): Name = "Type"; Value = "0603"; VariantName = "[No Variations]"
Add component (AddParameter): Name = "Value"; Value = "10K"; VariantName = "[No Variations]"
Added Component: Designator=R12(RES_0603)
Add component. Clean all parameters for all variants
Add component (AddParameter): Name = "Manufacturer"; Value = ""; VariantName = "[No Variations]"
Add component (AddParameter): Name = "Specification"; Value = "±5%"; VariantName = "[No Variations]"
Add component (AddParameter): Name = "Type"; Value = "0603"; VariantName = "[No Variations]"
Add component (AddParameter): Name = "Value"; Value = "10K"; VariantName = "[No Variations]"
Added Component: Designator=R13(RES_0603)
Add component. Clean all parameters for all variants
Add component (AddParameter): Name = "Manufacturer"; Value = ""; VariantName = "[No Variations]"
Add component (AddParameter): Name = "Specification"; Value = "±5%"; VariantName = "[No Variations]"
Add component (AddParameter): Name = "Type"; Value = "0603"; VariantName = "[No Variations]"
Add component (AddParameter): Name = "Value"; Value = "960"; VariantName = "[No Variations]"
Added Component: Designator=R14(RES_0603)
Add component. Clean all parameters for all variants
Add component (AddParameter): Name = "Manufacturer"; Value = ""; VariantName = "[No Variations]"
Add component (AddParameter): Name = "Specification"; Value = "±5%"; VariantName = "[No Variations]"
Add component (AddParameter): Name = "Type"; Value = "0603"; VariantName = "[No Variations]"
Add component (AddParameter): Name = "Value"; Value = "960"; VariantName = "[No Variations]"
Added Component: Designator=R15(RES_0603)
Add component. Clean all parameters for all variants
Add component (AddParameter): Name = "Manufacturer"; Value = ""; VariantName = "[No Variations]"
Add component (AddParameter): Name = "Specification"; Value = "±5%"; VariantName = "[No Variations]"
Add component (AddParameter): Name = "Type"; Value = "0603"; VariantName = "[No Variations]"
Add component (AddParameter): Name = "Value"; Value = "1K"; VariantName = "[No Variations]"
Added Component: Designator=R16(RES_0603)
Add component. Clean all parameters for all variants
Add component (AddParameter): Name = "Manufacturer"; Value = ""; VariantName = "[No Variations]"
Add component (AddParameter): Name = "Specification"; Value = "±5%"; VariantName = "[No Variations]"
Add component (AddParameter): Name = "Type"; Value = "0603"; VariantName = "[No Variations]"
Add component (AddParameter): Name = "Value"; Value = "10"; VariantName = "[No Variations]"
Added Component: Designator=R17(RES_0603)
Add component. Clean all parameters for all variants
Add component (AddParameter): Name = "Manufacturer"; Value = ""; VariantName = "[No Variations]"
Add component (AddParameter): Name = "Specification"; Value = "±5%"; VariantName = "[No Variations]"
Add component (AddParameter): Name = "Type"; Value = "0603"; VariantName = "[No Variations]"
Add component (AddParameter): Name = "Value"; Value = "10K"; VariantName = "[No Variations]"
Added Component: Designator=R18(RES_0603)
Add component. Clean all parameters for all variants
Add component (AddParameter): Name = "Manufacturer"; Value = ""; VariantName = "[No Variations]"
Add component (AddParameter): Name = "Specification"; Value = "±5%"; VariantName = "[No Variations]"
Add component (AddParameter): Name = "Type"; Value = "0603"; VariantName = "[No Variations]"
Add component (AddParameter): Name = "Value"; Value = "?K"; VariantName = "[No Variations]"
Added Component: Designator=R19(RES_0603)
Add component. Clean all parameters for all variants
Add component (AddParameter): Name = "Manufacturer"; Value = ""; VariantName = "[No Variations]"
Add component (AddParameter): Name = "Specification"; Value = "±5%"; VariantName = "[No Variations]"
Add component (AddParameter): Name = "Type"; Value = "0603"; VariantName = "[No Variations]"
Add component (AddParameter): Name = "Value"; Value = "10K"; VariantName = "[No Variations]"
Added Component: Designator=R20(RES_0603)
Add component. Clean all parameters for all variants
Add component (AddParameter): Name = "Manufacturer"; Value = ""; VariantName = "[No Variations]"
Add component (AddParameter): Name = "Specification"; Value = "±5%"; VariantName = "[No Variations]"
Add component (AddParameter): Name = "Type"; Value = "0603"; VariantName = "[No Variations]"
Add component (AddParameter): Name = "Value"; Value = "10"; VariantName = "[No Variations]"
Added Component: Designator=R21(RES_0603)
Add component. Clean all parameters for all variants
Add component (AddParameter): Name = "Manufacturer"; Value = ""; VariantName = "[No Variations]"
Add component (AddParameter): Name = "Specification"; Value = "±5%"; VariantName = "[No Variations]"
Add component (AddParameter): Name = "Type"; Value = "0603"; VariantName = "[No Variations]"
Add component (AddParameter): Name = "Value"; Value = "10K"; VariantName = "[No Variations]"
Added Component: Designator=R22(RES_0603)
Add component. Clean all parameters for all variants
Add component (AddParameter): Name = "Manufacturer"; Value = ""; VariantName = "[No Variations]"
Add component (AddParameter): Name = "Specification"; Value = "±5%"; VariantName = "[No Variations]"
Add component (AddParameter): Name = "Type"; Value = "0603"; VariantName = "[No Variations]"
Add component (AddParameter): Name = "Value"; Value = "10K"; VariantName = "[No Variations]"
Added Component: Designator=R23(RES_0603)
Add component. Clean all parameters for all variants
Add component (AddParameter): Name = "Manufacturer"; Value = ""; VariantName = "[No Variations]"
Add component (AddParameter): Name = "Specification"; Value = "±5%"; VariantName = "[No Variations]"
Add component (AddParameter): Name = "Type"; Value = "0603"; VariantName = "[No Variations]"
Add component (AddParameter): Name = "Value"; Value = "960"; VariantName = "[No Variations]"
Added Component: Designator=R24(RES_0603)
Add component. Clean all parameters for all variants
Add component (AddParameter): Name = "Manufacturer"; Value = ""; VariantName = "[No Variations]"
Add component (AddParameter): Name = "Specification"; Value = "±5%"; VariantName = "[No Variations]"
Add component (AddParameter): Name = "Type"; Value = "0603"; VariantName = "[No Variations]"
Add component (AddParameter): Name = "Value"; Value = "960"; VariantName = "[No Variations]"
Added Component: Designator=R25(RES_0603)
Add component. Clean all parameters for all variants
Add component (AddParameter): Name = "Manufacturer"; Value = ""; VariantName = "[No Variations]"
Add component (AddParameter): Name = "Specification"; Value = "±5%"; VariantName = "[No Variations]"
Add component (AddParameter): Name = "Type"; Value = "0603"; VariantName = "[No Variations]"
Add component (AddParameter): Name = "Value"; Value = "1K"; VariantName = "[No Variations]"
Added Component: Designator=R26(RES_0603)
Add component. Clean all parameters for all variants
Add component (AddParameter): Name = "Manufacturer"; Value = ""; VariantName = "[No Variations]"
Add component (AddParameter): Name = "Specification"; Value = "±5%"; VariantName = "[No Variations]"
Add component (AddParameter): Name = "Type"; Value = "0603"; VariantName = "[No Variations]"
Add component (AddParameter): Name = "Value"; Value = "10"; VariantName = "[No Variations]"
Added Component: Designator=R27(RES_0603)
Add component. Clean all parameters for all variants
Add component (AddParameter): Name = "Manufacturer"; Value = ""; VariantName = "[No Variations]"
Add component (AddParameter): Name = "Specification"; Value = "±5%"; VariantName = "[No Variations]"
Add component (AddParameter): Name = "Type"; Value = "0603"; VariantName = "[No Variations]"
Add component (AddParameter): Name = "Value"; Value = "10K"; VariantName = "[No Variations]"
Added Component: Designator=R28(RES_0603)
Add component. Clean all parameters for all variants
Add component (AddParameter): Name = "Manufacturer"; Value = ""; VariantName = "[No Variations]"
Add component (AddParameter): Name = "Specification"; Value = "±5%"; VariantName = "[No Variations]"
Add component (AddParameter): Name = "Type"; Value = "0603"; VariantName = "[No Variations]"
Add component (AddParameter): Name = "Value"; Value = "?K"; VariantName = "[No Variations]"
Added Component: Designator=R29(RES_0603)
Add component. Clean all parameters for all variants
Add component (AddParameter): Name = "Manufacturer"; Value = ""; VariantName = "[No Variations]"
Add component (AddParameter): Name = "Specification"; Value = "±5%"; VariantName = "[No Variations]"
Add component (AddParameter): Name = "Type"; Value = "0603"; VariantName = "[No Variations]"
Add component (AddParameter): Name = "Value"; Value = "10K"; VariantName = "[No Variations]"
Added Component: Designator=R30(RES_0603)
Add component. Clean all parameters for all variants
Add component (AddParameter): Name = "Manufacturer"; Value = ""; VariantName = "[No Variations]"
Add component (AddParameter): Name = "Specification"; Value = "±5%"; VariantName = "[No Variations]"
Add component (AddParameter): Name = "Type"; Value = "0603"; VariantName = "[No Variations]"
Add component (AddParameter): Name = "Value"; Value = "10"; VariantName = "[No Variations]"
Added Component: Designator=R31(RES_0603)
Add component. Clean all parameters for all variants
Add component (AddParameter): Name = "Manufacturer"; Value = ""; VariantName = "[No Variations]"
Add component (AddParameter): Name = "Specification"; Value = "±5%"; VariantName = "[No Variations]"
Add component (AddParameter): Name = "Type"; Value = "0603"; VariantName = "[No Variations]"
Add component (AddParameter): Name = "Value"; Value = "10K"; VariantName = "[No Variations]"
Added Component: Designator=R32(RES_0603)
Add component. Clean all parameters for all variants
Add component (AddParameter): Name = "Manufacturer"; Value = ""; VariantName = "[No Variations]"
Add component (AddParameter): Name = "Specification"; Value = "±5%"; VariantName = "[No Variations]"
Add component (AddParameter): Name = "Type"; Value = "0603"; VariantName = "[No Variations]"
Add component (AddParameter): Name = "Value"; Value = "10K"; VariantName = "[No Variations]"
Added Component: Designator=R33(RES_0603)
Add component. Clean all parameters for all variants
Add component (AddParameter): Name = "Manufacturer"; Value = ""; VariantName = "[No Variations]"
Add component (AddParameter): Name = "Specification"; Value = "±5%"; VariantName = "[No Variations]"
Add component (AddParameter): Name = "Type"; Value = "0603"; VariantName = "[No Variations]"
Add component (AddParameter): Name = "Value"; Value = "10K"; VariantName = "[No Variations]"
Added Component: Designator=R34(RES_0603)
Add component. Clean all parameters for all variants
Add component (AddParameter): Name = "Manufacturer"; Value = ""; VariantName = "[No Variations]"
Add component (AddParameter): Name = "Specification"; Value = "±5%"; VariantName = "[No Variations]"
Add component (AddParameter): Name = "Type"; Value = "0603"; VariantName = "[No Variations]"
Add component (AddParameter): Name = "Value"; Value = "10K"; VariantName = "[No Variations]"
Added Component: Designator=R35(RES_0603)
Add component. Clean all parameters for all variants
Add component (AddParameter): Name = "Manufacturer"; Value = ""; VariantName = "[No Variations]"
Add component (AddParameter): Name = "Specification"; Value = "±5%"; VariantName = "[No Variations]"
Add component (AddParameter): Name = "Type"; Value = "0603"; VariantName = "[No Variations]"
Add component (AddParameter): Name = "Value"; Value = "1K"; VariantName = "[No Variations]"
Added Component: Designator=R36(RES_0603)
Add component. Clean all parameters for all variants
Add component (AddParameter): Name = "Manufacturer"; Value = ""; VariantName = "[No Variations]"
Add component (AddParameter): Name = "Specification"; Value = "±5%"; VariantName = "[No Variations]"
Add component (AddParameter): Name = "Type"; Value = "0603"; VariantName = "[No Variations]"
Add component (AddParameter): Name = "Value"; Value = "1K"; VariantName = "[No Variations]"
Added Component: Designator=U1(STM-LQFP48_N)
Add component. Clean all parameters for all variants
Add component (AddParameter): Name = "ComponentLink1Description"; Value = "Manufacturer URL"; VariantName = "[No Variations]"
Add component (AddParameter): Name = "ComponentLink1URL"; Value = "http://www.st.com/web/en/home.html"; VariantName = "[No Variations]"
Add component (AddParameter): Name = "ComponentLink2Description"; Value = "Datasheet"; VariantName = "[No Variations]"
Add component (AddParameter): Name = "ComponentLink2URL"; Value = "http://www.st.com/st-web-ui/static/active/en/resource/technical/document/datasheet/DM00088500.pdf"; VariantName = "[No Variations]"
Add component (AddParameter): Name = "ComponentLink3Description"; Value = "Package Specification"; VariantName = "[No Variations]"
Add component (AddParameter): Name = "ComponentLink3URL"; Value = "http://www.st.com/st-web-ui/static/active/en/resource/technical/document/datasheet/DM00058181.pdf"; VariantName = "[No Variations]"
Add component (AddParameter): Name = "Core"; Value = "ARM Cortex-M0"; VariantName = "[No Variations]"
Add component (AddParameter): Name = "DatasheetVersion"; Value = "Rev. 1"; VariantName = "[No Variations]"
Add component (AddParameter): Name = "FLASH Size (Prog) (kB)"; Value = "64"; VariantName = "[No Variations]"
Add component (AddParameter): Name = "I/Os (High Current)"; Value = "39"; VariantName = "[No Variations]"
Add component (AddParameter): Name = "Internal RAM Size (kB)"; Value = "8"; VariantName = "[No Variations]"
Add component (AddParameter): Name = "Mounting Technology"; Value = "Surface Mount"; VariantName = "[No Variations]"
Add component (AddParameter): Name = "Operating Frequency(F) (Processor speed) (MHz)"; Value = "48"; VariantName = "[No Variations]"
Add component (AddParameter): Name = "PackageDescription"; Value = "48-Pin Low Profile Quad Flat Package, 7 x 7 mm Body, 0.5 mm Pitch"; VariantName = "[No Variations]"
Add component (AddParameter): Name = "PackageReference"; Value = "LQFP48"; VariantName = "[No Variations]"
Add component (AddParameter): Name = "PackageVersion"; Value = "Rev. 6, 06/2013"; VariantName = "[No Variations]"
Add component (AddParameter): Name = "Packing"; Value = "Tray"; VariantName = "[No Variations]"
Add component (AddParameter): Name = "PartNumber"; Value = "STM32F030C8T6"; VariantName = "[No Variations]"
Add component (AddParameter): Name = "Supplier 1"; Value = "Digi-Key"; VariantName = "[No Variations]"
Add component (AddParameter): Name = "Supplier 2"; Value = "Newark"; VariantName = "[No Variations]"
Add component (AddParameter): Name = "Supplier 3"; Value = "Mouser"; VariantName = "[No Variations]"
Add component (AddParameter): Name = "Supplier Part Number 1"; Value = "497-14043-ND"; VariantName = "[No Variations]"
Add component (AddParameter): Name = "Supplier Part Number 2"; Value = "06X3647"; VariantName = "[No Variations]"
Add component (AddParameter): Name = "Supplier Part Number 3"; Value = "511-STM32F030C8T6"; VariantName = "[No Variations]"
Add component (AddParameter): Name = "Supply Voltage(Vcc) min (V)"; Value = "2.4"; VariantName = "[No Variations]"
Added Component: Designator=U2(SOG65_8_3)
Add component. Clean all parameters for all variants
Add component (AddParameter): Name = ""; Value = "http://www.chila.ir"; VariantName = "[No Variations]"
Add component (AddParameter): Name = "MANF"; Value = "Texas Instruments"; VariantName = "[No Variations]"
Add component (AddParameter): Name = "MANF_P#"; Value = "OPA2335AIDGK"; VariantName = "[No Variations]"
Add component (AddParameter): Name = "PARAM"; Value = "0.05uV/°C Drift, 5uV Offset, -40~125°C"; VariantName = "[No Variations]"
Add component (AddParameter): Name = "PARAM2"; Value = "2.7~5.5V, ±1.35~±2.75V"; VariantName = "[No Variations]"
Add component (AddParameter): Name = "PRICE"; Value = "5$"; VariantName = "[No Variations]"
Add component (AddParameter): Name = "VALUE"; Value = "OPA2335"; VariantName = "[No Variations]"
Added Component: Designator=U3(SOG65_8_3)
Add component. Clean all parameters for all variants
Add component (AddParameter): Name = ""; Value = "http://www.chila.ir"; VariantName = "[No Variations]"
Add component (AddParameter): Name = "MANF"; Value = "Texas Instruments"; VariantName = "[No Variations]"
Add component (AddParameter): Name = "MANF_P#"; Value = "OPA2335AIDGK"; VariantName = "[No Variations]"
Add component (AddParameter): Name = "PARAM"; Value = "0.05uV/°C Drift, 5uV Offset, -40~125°C"; VariantName = "[No Variations]"
Add component (AddParameter): Name = "PARAM2"; Value = "2.7~5.5V, ±1.35~±2.75V"; VariantName = "[No Variations]"
Add component (AddParameter): Name = "PRICE"; Value = "5$"; VariantName = "[No Variations]"
Add component (AddParameter): Name = "VALUE"; Value = "OPA2335"; VariantName = "[No Variations]"
Added Component: Designator=V1(SOT223_L)
Add component. Clean all parameters for all variants
Add component (AddParameter): Name = "BOM名称"; Value = "稳压芯片"; VariantName = "[No Variations]"
Add component (AddParameter): Name = "学习资源"; Value = "https://lmdzstyle.taobao.com/"; VariantName = "[No Variations]"
Add component (AddParameter): Name = "版权归属"; Value = "黎明电子style"; VariantName = "[No Variations]"
Added Pin To Net: NetName=+5 Pin=C16-2
Added Pin To Net: NetName=+5 Pin=CON1-1
Added Pin To Net: NetName=+5 Pin=D1-2
Added Pin To Net: NetName=+5 Pin=D2-2
Added Pin To Net: NetName=+5 Pin=D3-2
Added Pin To Net: NetName=+5 Pin=D4-2
Added Pin To Net: NetName=+5 Pin=E1-1
Added Pin To Net: NetName=+5 Pin=E3-1
Added Pin To Net: NetName=+5 Pin=JP1-1
Added Pin To Net: NetName=+5 Pin=JP1-2
Added Pin To Net: NetName=+5 Pin=R1-2
Added Pin To Net: NetName=+5 Pin=R2-2
Added Pin To Net: NetName=+5 Pin=R3-2
Added Pin To Net: NetName=+5 Pin=R4-2
Added Pin To Net: NetName=+5 Pin=R5-2
Added Pin To Net: NetName=+5 Pin=R6-2
Added Pin To Net: NetName=+5 Pin=V1-3
Added Net: Name=+5
Added Pin To Net: NetName=ADC_R Pin=C12-1
Added Pin To Net: NetName=ADC_R Pin=R26-2
Added Pin To Net: NetName=ADC_R Pin=U1-10
Added Net: Name=ADC_R
Added Pin To Net: NetName=ADC_S Pin=C7-1
Added Pin To Net: NetName=ADC_S Pin=R16-2
Added Pin To Net: NetName=ADC_S Pin=U1-11
Added Net: Name=ADC_S
Added Pin To Net: NetName=DIN Pin=JP1-5
Added Pin To Net: NetName=DIN Pin=JP1-6
Added Pin To Net: NetName=DIN Pin=U1-42
Added Net: Name=DIN
Added Pin To Net: NetName=DOUT Pin=JP1-4
Added Pin To Net: NetName=DOUT Pin=U1-43
Added Net: Name=DOUT
Added Pin To Net: NetName=FRE_S Pin=R35-1
Added Pin To Net: NetName=FRE_S Pin=R36-1
Added Pin To Net: NetName=FRE_S Pin=U1-31
Added Pin To Net: NetName=FRE_S Pin=U1-32
Added Net: Name=FRE_S
Added Pin To Net: NetName=GND Pin=C1-2
Added Pin To Net: NetName=GND Pin=C2-2
Added Pin To Net: NetName=GND Pin=C3-2
Added Pin To Net: NetName=GND Pin=C4-2
Added Pin To Net: NetName=GND Pin=C5-2
Added Pin To Net: NetName=GND Pin=C6-2
Added Pin To Net: NetName=GND Pin=C7-2
Added Pin To Net: NetName=GND Pin=C9-2
Added Pin To Net: NetName=GND Pin=C10-1
Added Pin To Net: NetName=GND Pin=C11-2
Added Pin To Net: NetName=GND Pin=C12-2
Added Pin To Net: NetName=GND Pin=C13-2
Added Pin To Net: NetName=GND Pin=C15-1
Added Pin To Net: NetName=GND Pin=C16-1
Added Pin To Net: NetName=GND Pin=C17-1
Added Pin To Net: NetName=GND Pin=C18-2
Added Pin To Net: NetName=GND Pin=C19-2
Added Pin To Net: NetName=GND Pin=C20-2
Added Pin To Net: NetName=GND Pin=C21-2
Added Pin To Net: NetName=GND Pin=CON1-2
Added Pin To Net: NetName=GND Pin=CON1-3
Added Pin To Net: NetName=GND Pin=E1-2
Added Pin To Net: NetName=GND Pin=E2-2
Added Pin To Net: NetName=GND Pin=E3-2
Added Pin To Net: NetName=GND Pin=E4-2
Added Pin To Net: NetName=GND Pin=JP1-7
Added Pin To Net: NetName=GND Pin=JP1-8
Added Pin To Net: NetName=GND Pin=JP2-4
Added Pin To Net: NetName=GND Pin=Q1-2
Added Pin To Net: NetName=GND Pin=Q2-2
Added Pin To Net: NetName=GND Pin=Q3-2
Added Pin To Net: NetName=GND Pin=Q4-3
Added Pin To Net: NetName=GND Pin=Q5-3
Added Pin To Net: NetName=GND Pin=Q5-4
Added Pin To Net: NetName=GND Pin=Q6-3
Added Pin To Net: NetName=GND Pin=Q6-4
Added Pin To Net: NetName=GND Pin=Q7-3
Added Pin To Net: NetName=GND Pin=R10-1
Added Pin To Net: NetName=GND Pin=R11-1
Added Pin To Net: NetName=GND Pin=R12-1
Added Pin To Net: NetName=GND Pin=R15-1
Added Pin To Net: NetName=GND Pin=R17-1
Added Pin To Net: NetName=GND Pin=R18-1
Added Pin To Net: NetName=GND Pin=R21-2
Added Pin To Net: NetName=GND Pin=R25-1
Added Pin To Net: NetName=GND Pin=R27-1
Added Pin To Net: NetName=GND Pin=R28-1
Added Pin To Net: NetName=GND Pin=U1-8
Added Pin To Net: NetName=GND Pin=U1-23
Added Pin To Net: NetName=GND Pin=U1-47
Added Pin To Net: NetName=GND Pin=U2-4
Added Pin To Net: NetName=GND Pin=U3-4
Added Pin To Net: NetName=GND Pin=V1-1
Added Net: Name=GND
Added Pin To Net: NetName=IIC_INT_R Pin=Q7-5
Added Pin To Net: NetName=IIC_INT_R Pin=U1-41
Added Net: Name=IIC_INT_R
Added Pin To Net: NetName=IIC_INT_S Pin=Q4-5
Added Pin To Net: NetName=IIC_INT_S Pin=U1-20
Added Net: Name=IIC_INT_S
Added Pin To Net: NetName=IIC_SCL_R Pin=Q7-2
Added Pin To Net: NetName=IIC_SCL_R Pin=U1-45
Added Net: Name=IIC_SCL_R
Added Pin To Net: NetName=IIC_SCL_S Pin=Q4-2
Added Pin To Net: NetName=IIC_SCL_S Pin=U1-21
Added Net: Name=IIC_SCL_S
Added Pin To Net: NetName=IIC_SDA_R Pin=Q7-6
Added Pin To Net: NetName=IIC_SDA_R Pin=U1-46
Added Net: Name=IIC_SDA_R
Added Pin To Net: NetName=IIC_SDA_S Pin=Q4-6
Added Pin To Net: NetName=IIC_SDA_S Pin=U1-22
Added Net: Name=IIC_SDA_S
Added Pin To Net: NetName=LED_CTR1 Pin=R7-1
Added Pin To Net: NetName=LED_CTR1 Pin=U1-14
Added Net: Name=LED_CTR1
Added Pin To Net: NetName=LED_CTR2 Pin=R8-1
Added Pin To Net: NetName=LED_CTR2 Pin=U1-15
Added Net: Name=LED_CTR2
Added Pin To Net: NetName=LED_CTR3 Pin=R9-1
Added Pin To Net: NetName=LED_CTR3 Pin=U1-16
Added Net: Name=LED_CTR3
Added Pin To Net: NetName=NC Pin=JP1-3
Added Net: Name=NC
Added Pin To Net: NetName=NetC6_1 Pin=C6-1
Added Pin To Net: NetName=NetC6_1 Pin=R14-2
Added Pin To Net: NetName=NetC6_1 Pin=U2-5
Added Net: Name=NetC6_1
Added Pin To Net: NetName=NetC8_1 Pin=C8-1
Added Pin To Net: NetName=NetC8_1 Pin=R14-1
Added Pin To Net: NetName=NetC8_1 Pin=R19-2
Added Pin To Net: NetName=NetC8_1 Pin=U2-1
Added Net: Name=NetC8_1
Added Pin To Net: NetName=NetC8_2 Pin=C8-2
Added Pin To Net: NetName=NetC8_2 Pin=R15-2
Added Pin To Net: NetName=NetC8_2 Pin=R19-1
Added Pin To Net: NetName=NetC8_2 Pin=U2-2
Added Net: Name=NetC8_2
Added Pin To Net: NetName=NetC10_2 Pin=C10-2
Added Pin To Net: NetName=NetC10_2 Pin=R22-2
Added Pin To Net: NetName=NetC10_2 Pin=U1-7
Added Net: Name=NetC10_2
Added Pin To Net: NetName=NetC11_1 Pin=C11-1
Added Pin To Net: NetName=NetC11_1 Pin=R24-2
Added Pin To Net: NetName=NetC11_1 Pin=U3-5
Added Net: Name=NetC11_1
Added Pin To Net: NetName=NetC14_1 Pin=C14-1
Added Pin To Net: NetName=NetC14_1 Pin=R24-1
Added Pin To Net: NetName=NetC14_1 Pin=R29-2
Added Pin To Net: NetName=NetC14_1 Pin=U3-1
Added Net: Name=NetC14_1
Added Pin To Net: NetName=NetC14_2 Pin=C14-2
Added Pin To Net: NetName=NetC14_2 Pin=R25-2
Added Pin To Net: NetName=NetC14_2 Pin=R29-1
Added Pin To Net: NetName=NetC14_2 Pin=U3-2
Added Net: Name=NetC14_2
Added Pin To Net: NetName=NetC17_2 Pin=C17-2
Added Pin To Net: NetName=NetC17_2 Pin=E4-1
Added Pin To Net: NetName=NetC17_2 Pin=L1-1
Added Pin To Net: NetName=NetC17_2 Pin=V1-2
Added Pin To Net: NetName=NetC17_2 Pin=V1-2
Added Net: Name=NetC17_2
Added Pin To Net: NetName=NetD1_1 Pin=D1-1
Added Pin To Net: NetName=NetD1_1 Pin=D2-1
Added Pin To Net: NetName=NetD1_1 Pin=R13-1
Added Pin To Net: NetName=NetD1_1 Pin=R17-2
Added Net: Name=NetD1_1
Added Pin To Net: NetName=NetD3_1 Pin=D3-1
Added Pin To Net: NetName=NetD3_1 Pin=D4-1
Added Pin To Net: NetName=NetD3_1 Pin=R23-1
Added Pin To Net: NetName=NetD3_1 Pin=R27-2
Added Net: Name=NetD3_1
Added Pin To Net: NetName=NetJP2_2 Pin=JP2-2
Added Pin To Net: NetName=NetJP2_2 Pin=U1-34
Added Net: Name=NetJP2_2
Added Pin To Net: NetName=NetJP2_3 Pin=JP2-3
Added Pin To Net: NetName=NetJP2_3 Pin=U1-37
Added Net: Name=NetJP2_3
Added Pin To Net: NetName=NetLED1_1 Pin=LED1-1
Added Pin To Net: NetName=NetLED1_1 Pin=R1-1
Added Net: Name=NetLED1_1
Added Pin To Net: NetName=NetLED1_2 Pin=LED1-2
Added Pin To Net: NetName=NetLED1_2 Pin=LED2-2
Added Pin To Net: NetName=NetLED1_2 Pin=Q1-3
Added Net: Name=NetLED1_2
Added Pin To Net: NetName=NetLED2_1 Pin=LED2-1
Added Pin To Net: NetName=NetLED2_1 Pin=R2-1
Added Net: Name=NetLED2_1
Added Pin To Net: NetName=NetLED3_1 Pin=LED3-1
Added Pin To Net: NetName=NetLED3_1 Pin=R3-1
Added Net: Name=NetLED3_1
Added Pin To Net: NetName=NetLED3_2 Pin=LED3-2
Added Pin To Net: NetName=NetLED3_2 Pin=LED4-2
Added Pin To Net: NetName=NetLED3_2 Pin=Q2-3
Added Net: Name=NetLED3_2
Added Pin To Net: NetName=NetLED4_1 Pin=LED4-1
Added Pin To Net: NetName=NetLED4_1 Pin=R4-1
Added Net: Name=NetLED4_1
Added Pin To Net: NetName=NetLED5_1 Pin=LED5-1
Added Pin To Net: NetName=NetLED5_1 Pin=R5-1
Added Net: Name=NetLED5_1
Added Pin To Net: NetName=NetLED5_2 Pin=LED5-2
Added Pin To Net: NetName=NetLED5_2 Pin=LED6-2
Added Pin To Net: NetName=NetLED5_2 Pin=Q3-3
Added Net: Name=NetLED5_2
Added Pin To Net: NetName=NetLED6_1 Pin=LED6-1
Added Pin To Net: NetName=NetLED6_1 Pin=R6-1
Added Net: Name=NetLED6_1
Added Pin To Net: NetName=NetQ1_1 Pin=Q1-1
Added Pin To Net: NetName=NetQ1_1 Pin=R7-2
Added Pin To Net: NetName=NetQ1_1 Pin=R10-2
Added Net: Name=NetQ1_1
Added Pin To Net: NetName=NetQ2_1 Pin=Q2-1
Added Pin To Net: NetName=NetQ2_1 Pin=R8-2
Added Pin To Net: NetName=NetQ2_1 Pin=R11-2
Added Net: Name=NetQ2_1
Added Pin To Net: NetName=NetQ3_1 Pin=Q3-1
Added Pin To Net: NetName=NetQ3_1 Pin=R9-2
Added Pin To Net: NetName=NetQ3_1 Pin=R12-2
Added Net: Name=NetQ3_1
Added Pin To Net: NetName=NetQ5_1 Pin=Q5-1
Added Pin To Net: NetName=NetQ5_1 Pin=R32-1
Added Net: Name=NetQ5_1
Added Pin To Net: NetName=NetQ5_2 Pin=Q5-2
Added Pin To Net: NetName=NetQ5_2 Pin=R31-1
Added Net: Name=NetQ5_2
Added Pin To Net: NetName=NetQ5_6 Pin=Q5-6
Added Pin To Net: NetName=NetQ5_6 Pin=R35-2
Added Net: Name=NetQ5_6
Added Pin To Net: NetName=NetQ6_1 Pin=Q6-1
Added Pin To Net: NetName=NetQ6_1 Pin=R34-1
Added Net: Name=NetQ6_1
Added Pin To Net: NetName=NetQ6_2 Pin=Q6-2
Added Pin To Net: NetName=NetQ6_2 Pin=R33-1
Added Net: Name=NetQ6_2
Added Pin To Net: NetName=NetQ6_6 Pin=Q6-6
Added Pin To Net: NetName=NetQ6_6 Pin=R36-2
Added Net: Name=NetQ6_6
Added Pin To Net: NetName=NetR13_2 Pin=R13-2
Added Pin To Net: NetName=NetR13_2 Pin=U2-3
Added Net: Name=NetR13_2
Added Pin To Net: NetName=NetR16_1 Pin=R16-1
Added Pin To Net: NetName=NetR16_1 Pin=R20-2
Added Pin To Net: NetName=NetR16_1 Pin=U2-7
Added Net: Name=NetR16_1
Added Pin To Net: NetName=NetR18_2 Pin=R18-2
Added Pin To Net: NetName=NetR18_2 Pin=R20-1
Added Pin To Net: NetName=NetR18_2 Pin=U2-6
Added Net: Name=NetR18_2
Added Pin To Net: NetName=NetR21_1 Pin=R21-1
Added Pin To Net: NetName=NetR21_1 Pin=U1-44
Added Net: Name=NetR21_1
Added Pin To Net: NetName=NetR23_2 Pin=R23-2
Added Pin To Net: NetName=NetR23_2 Pin=U3-3
Added Net: Name=NetR23_2
Added Pin To Net: NetName=NetR26_1 Pin=R26-1
Added Pin To Net: NetName=NetR26_1 Pin=R30-2
Added Pin To Net: NetName=NetR26_1 Pin=U3-7
Added Net: Name=NetR26_1
Added Pin To Net: NetName=NetR28_2 Pin=R28-2
Added Pin To Net: NetName=NetR28_2 Pin=R30-1
Added Pin To Net: NetName=NetR28_2 Pin=U3-6
Added Net: Name=NetR28_2
Added Pin To Net: NetName=R_S2 Pin=Q5-7
Added Pin To Net: NetName=R_S2 Pin=U1-27
Added Net: Name=R_S2
Added Pin To Net: NetName=R_S3 Pin=Q5-8
Added Pin To Net: NetName=R_S3 Pin=U1-26
Added Net: Name=R_S3
Added Pin To Net: NetName=S_S2 Pin=Q6-7
Added Pin To Net: NetName=S_S2 Pin=U1-30
Added Net: Name=S_S2
Added Pin To Net: NetName=S_S3 Pin=Q6-8
Added Pin To Net: NetName=S_S3 Pin=U1-29
Added Net: Name=S_S3
Added Pin To Net: NetName=VCC3.3 Pin=C5-1
Added Pin To Net: NetName=VCC3.3 Pin=C9-1
Added Pin To Net: NetName=VCC3.3 Pin=C13-1
Added Pin To Net: NetName=VCC3.3 Pin=C15-2
Added Pin To Net: NetName=VCC3.3 Pin=C18-1
Added Pin To Net: NetName=VCC3.3 Pin=C19-1
Added Pin To Net: NetName=VCC3.3 Pin=C20-1
Added Pin To Net: NetName=VCC3.3 Pin=C21-1
Added Pin To Net: NetName=VCC3.3 Pin=E2-1
Added Pin To Net: NetName=VCC3.3 Pin=L1-2
Added Pin To Net: NetName=VCC3.3 Pin=Q4-1
Added Pin To Net: NetName=VCC3.3 Pin=Q5-5
Added Pin To Net: NetName=VCC3.3 Pin=Q6-5
Added Pin To Net: NetName=VCC3.3 Pin=Q7-1
Added Pin To Net: NetName=VCC3.3 Pin=R31-2
Added Pin To Net: NetName=VCC3.3 Pin=R32-2
Added Pin To Net: NetName=VCC3.3 Pin=R33-2
Added Pin To Net: NetName=VCC3.3 Pin=R34-2
Added Pin To Net: NetName=VCC3.3 Pin=U2-8
Added Pin To Net: NetName=VCC3.3 Pin=U3-8
Added Net: Name=VCC3.3
Added Pin To Net: NetName=VDD3.3 Pin=C1-1
Added Pin To Net: NetName=VDD3.3 Pin=C2-1
Added Pin To Net: NetName=VDD3.3 Pin=C3-1
Added Pin To Net: NetName=VDD3.3 Pin=C4-1
Added Pin To Net: NetName=VDD3.3 Pin=JP2-1
Added Pin To Net: NetName=VDD3.3 Pin=R22-1
Added Pin To Net: NetName=VDD3.3 Pin=U1-1
Added Pin To Net: NetName=VDD3.3 Pin=U1-9
Added Pin To Net: NetName=VDD3.3 Pin=U1-24
Added Pin To Net: NetName=VDD3.3 Pin=U1-48
Added Net: Name=VDD3.3
Added Class: Name=fotel_color
